<?xml version="1.0" encoding="UTF-8"?>
<!-- Generated by org.testng.reporters.JUnitReportReporter -->
<testsuite skipped="0" hostname="PC-1-ПК" name="Examples.FindingElements" tests="1" failures="0" timestamp="2 Dec 2016 13:17:56 GMT" time="42.288" errors="0">
  <testcase name="firstTest" time="42.288" classname="Examples.FindingElements"/>
</testsuite> <!-- Examples.FindingElements -->
